2025-09-22 20:51:16,406 | ERROR | Error: Message: Unable to locate or obtain driver for chrome; For documentation on this error, please visit: https://www.selenium.dev/documentation/webdriver/troubleshooting/errors/driver_location

2025-09-22 20:53:07,879 | INFO | ====== WebDriver manager ======
2025-09-22 20:53:08,076 | INFO | Get LATEST chromedriver version for google-chrome
2025-09-22 20:53:08,145 | INFO | Get LATEST chromedriver version for google-chrome
2025-09-22 20:53:08,225 | INFO | Driver [/Users/jace/.wdm/drivers/chromedriver/mac64/140.0.7339.185/chromedriver-mac-arm64/THIRD_PARTY_NOTICES.chromedriver] found in cache
2025-09-22 20:53:09,236 | INFO | Chrome WebDriver initialized with local driver
2025-09-22 20:53:15,249 | INFO | Incidents found for Border center.
2025-09-22 20:57:45,659 | INFO | ====== WebDriver manager ======
2025-09-22 20:57:45,907 | INFO | Get LATEST chromedriver version for google-chrome
2025-09-22 20:57:45,982 | INFO | Get LATEST chromedriver version for google-chrome
2025-09-22 20:57:46,061 | INFO | Driver [/Users/jace/.wdm/drivers/chromedriver/mac64/140.0.7339.185/chromedriver-mac-arm64/THIRD_PARTY_NOTICES.chromedriver] found in cache
2025-09-22 20:57:47,333 | INFO | Chrome WebDriver initialized with local driver
2025-09-22 20:57:53,546 | INFO | Saved 12 incidents to chp_border_incidents_20250922_205753.csv
2025-09-22 20:57:53,546 | INFO | Found 12 incidents - saved to chp_border_incidents_20250922_205753.csv
2025-09-22 21:02:01,084 | INFO | ====== WebDriver manager ======
2025-09-22 21:02:01,318 | INFO | Get LATEST chromedriver version for google-chrome
2025-09-22 21:02:01,413 | INFO | Get LATEST chromedriver version for google-chrome
2025-09-22 21:02:01,482 | INFO | Driver [/Users/jace/.wdm/drivers/chromedriver/mac64/140.0.7339.185/chromedriver-mac-arm64/THIRD_PARTY_NOTICES.chromedriver] found in cache
2025-09-22 21:02:02,517 | INFO | Chrome WebDriver initialized with local driver
2025-09-22 21:02:09,009 | INFO | Saved 13 incidents to chp_border_incidents_20250922_210209.csv
2025-09-22 21:02:09,009 | INFO | Found 13 incidents - saved to chp_border_incidents_20250922_210209.csv
2025-09-22 21:03:09,095 | INFO | ====== WebDriver manager ======
2025-09-22 21:03:09,377 | INFO | Get LATEST chromedriver version for google-chrome
2025-09-22 21:03:09,443 | INFO | Get LATEST chromedriver version for google-chrome
2025-09-22 21:03:09,496 | INFO | Driver [/Users/jace/.wdm/drivers/chromedriver/mac64/140.0.7339.185/chromedriver-mac-arm64/THIRD_PARTY_NOTICES.chromedriver] found in cache
2025-09-22 21:03:10,865 | INFO | Chrome WebDriver initialized with local driver
2025-09-22 21:03:17,288 | INFO | Saved 13 incidents to chp_border_incidents_20250922_210317.csv
2025-09-22 21:03:17,289 | INFO | Found 13 incidents - saved to chp_border_incidents_20250922_210317.csv
2025-09-22 21:04:17,375 | INFO | ====== WebDriver manager ======
2025-09-22 21:04:17,666 | INFO | Get LATEST chromedriver version for google-chrome
2025-09-22 21:04:17,732 | INFO | Get LATEST chromedriver version for google-chrome
2025-09-22 21:04:17,801 | INFO | Driver [/Users/jace/.wdm/drivers/chromedriver/mac64/140.0.7339.185/chromedriver-mac-arm64/THIRD_PARTY_NOTICES.chromedriver] found in cache
2025-09-22 21:04:18,982 | INFO | Chrome WebDriver initialized with local driver
2025-09-22 21:04:25,382 | INFO | Saved 12 incidents to chp_border_incidents_20250922_210425.csv
2025-09-22 21:04:25,382 | INFO | Found 12 incidents - saved to chp_border_incidents_20250922_210425.csv
2025-09-22 21:17:26,240 | INFO | Chrome WebDriver initialized (GitHub Actions)
2025-09-22 21:17:32,558 | INFO | Saved 9 active incidents to active_incidents.json
2025-09-22 21:17:32,558 | INFO | Appended 9 new incidents to data/2025-09-22_incidents.json
2025-09-22 21:17:32,558 | INFO | Found 9 incidents - saved to JSON files
